Capturing output to logs/install-20210817-184805.log
Installation started at 2021-08-17 18:48:05
Using bigchaindb repo: 'bigchaindb/bigchaindb'
Using bigchaindb branch 'master'
Cloning into 'bigchaindb'...
##O=-#    #                                                                                                                                                                 #=#=-  #     #                                                                                                                                                              #################################                                                                                                                                       20,2%###################################################################################################################################################################### 100,0%
Configuring Dockers locally!
Operation Sytem: ubuntu
Version: 18.04
Installing Ansible...
Reading package lists...
E: Could not open lock file /var/lib/apt/lists/lock - open (13: Permission denied)
E: Unable to lock directory /var/lib/apt/lists/
W: Problem unlinking the file /var/cache/apt/pkgcache.bin - RemoveCaches (13: Permission denied)
W: Problem unlinking the file /var/cache/apt/srcpkgcache.bin - RemoveCaches (13: Permission denied)
E: Could not open lock file /var/lib/dpkg/lock-frontend - open (13: Permission denied)
E: Unable to acquire the dpkg frontend lock (/var/lib/dpkg/lock-frontend), are you root?
Error: must run as root
Reading package lists...
E: Could not open lock file /var/lib/apt/lists/lock - open (13: Permission denied)
E: Unable to lock directory /var/lib/apt/lists/
W: Problem unlinking the file /var/cache/apt/pkgcache.bin - RemoveCaches (13: Permission denied)
W: Problem unlinking the file /var/cache/apt/srcpkgcache.bin - RemoveCaches (13: Permission denied)
E: Could not open lock file /var/lib/dpkg/lock-frontend - open (13: Permission denied)
E: Unable to acquire the dpkg frontend lock (/var/lib/dpkg/lock-frontend), are you root?
stack.sh: line 239: ansible-playbook: command not found
Finished stacking!
